<?xml version="1.0" encoding="UTF-8"?>
<!-- Generated by org.testng.reporters.JUnitXMLReporter -->
<testsuite ignored="0" hostname="DESKTOP-C1818U0" failures="0" tests="43" name="Default test" time="305.333" errors="0" timestamp="2021-03-15T19:36:13 IST">
  <testcase classname="testCases.TestcasesSemiColon" name="navigatetoTravelInsurance" time="16.478"/>
  <testcase classname="testCases.TestcasesSemiColon" name="selectStudentFormTab" time="1.614"/>
  <testcase classname="testCases.TestcasesSemiColon" name="checkPlaceHolderText" time="0.971"/>
  <testcase classname="testCases.TestcasesSemiColon" name="travelDetails" time="2.633"/>
  <testcase classname="testCases.TestcasesSemiColon" name="setTravelDates" time="3.76"/>
  <testcase classname="testCases.TestcasesSemiColon" name="proceed" time="1.245"/>
  <testcase classname="testCases.TestcasesSemiColon" name="PersonalTravelDetails" time="2.268"/>
  <testcase classname="testCases.TestcasesSemiColon" name="getQuotes" time="0.611"/>
  <testcase classname="testCases.TestcasesSemiColon" name="sortPriceLowtoHigh" time="11.972"/>
  <testcase classname="testCases.TestcasesSemiColon" name="verifystudentAge" time="1.075"/>
  <testcase classname="testCases.TestcasesSemiColon" name="verifyDestination" time="0.418"/>
  <testcase classname="testCases.TestcasesSemiColon" name="verifyResultsForStudent" time="0.297"/>
  <testcase classname="testCases.TestcasesSemiColon" name="PrintHotelPriceDetails" time="0.774"/>
  <testcase classname="testCases.TestcasesSemiColon" name="navigateToHome" time="4.596"/>
  <testcase classname="testCases.TestcasesSemiColon" name="clickCarInsurance" time="1.171"/>
  <testcase classname="testCases.TestcasesSemiColon" name="BrandNewCarLink" time="2.37"/>
  <testcase classname="testCases.TestcasesSemiColon" name="ProceedWithoutCarNumber" time="3.087"/>
  <testcase classname="testCases.TestcasesSemiColon" name="SearchBox" time="0.497"/>
  <testcase classname="testCases.TestcasesSemiColon" name="selectCity" time="0.795"/>
  <testcase classname="testCases.TestcasesSemiColon" name="selectRto" time="0.398"/>
  <testcase classname="testCases.TestcasesSemiColon" name="selectCarBrand" time="1.338"/>
  <testcase classname="testCases.TestcasesSemiColon" name="selectCarModel" time="0.856"/>
  <testcase classname="testCases.TestcasesSemiColon" name="selectFuelType" time="1.43"/>
  <testcase classname="testCases.TestcasesSemiColon" name="selectCarVarient" time="0.652"/>
  <testcase classname="testCases.TestcasesSemiColon" name="selectCarYear" time="0.994"/>
  <testcase classname="testCases.TestcasesSemiColon" name="fillFormCarInsurance" time="3.547"/>
  <testcase classname="testCases.TestcasesSemiColon" name="FetchError" time="2.239"/>
  <testcase classname="testCases.TestcasesSemiColon" name="navigateToHomeFromCarInsurance" time="4.036"/>
  <testcase classname="testCases.TestcasesSemiColon" name="HoverToDropDown" time="1.113"/>
  <testcase classname="testCases.TestcasesSemiColon" name="FetchHealthInsuranceListItems" time="1.648"/>
  <testcase classname="testCases.TestcasesSemiColon" name="Quit1" time="5.936"/>
  <testcase classname="testCases.TestcasesSemiColon" name="NullvaluesTravelForm" time="35.848"/>
  <testcase classname="testCases.TestcasesSemiColon" name="InvalidAge" time="15.422"/>
  <testcase classname="testCases.TestcasesSemiColon" name="NullDates" time="14.883"/>
  <testcase classname="testCases.TestcasesSemiColon" name="NullGender" time="17.089"/>
  <testcase classname="testCases.TestcasesSemiColon" name="NullName" time="17.512"/>
  <testcase classname="testCases.TestcasesSemiColon" name="InvalidName" time="19.76"/>
  <testcase classname="testCases.TestcasesSemiColon" name="InvalidMobileNo" time="19.408"/>
  <testcase classname="testCases.TestcasesSemiColon" name="InvalidGmail" time="20.323"/>
  <testcase classname="testCases.TestcasesSemiColon" name="AllNullValuesPersonalForm" time="14.965"/>
  <testcase classname="testCases.TestcasesSemiColon" name="invalidphoneCarInsurance" time="16.758"/>
  <testcase classname="testCases.TestcasesSemiColon" name="invalidMailCarInsurance" time="15.034"/>
  <testcase classname="testCases.TestcasesSemiColon" name="invalidnameCarInsurance" time="15.444"/>
</testsuite> <!-- Default test -->
