<?xml version="1.0" encoding="UTF-8"?>
<!-- Generated by org.testng.reporters.JUnitXMLReporter -->
<testsuite ignored="0" hostname="DESKTOP-C1818U0" failures="0" tests="43" name="SemicolonProj" time="318.054" errors="0" timestamp="2021-03-15T17:32:58 IST">
  <testcase classname="testCases.TestcasesSemiColon" name="navigatetoTravelInsurance" time="28.376"/>
  <testcase classname="testCases.TestcasesSemiColon" name="selectStudentFormTab" time="5.138"/>
  <testcase classname="testCases.TestcasesSemiColon" name="checkPlaceHolderText" time="0.69"/>
  <testcase classname="testCases.TestcasesSemiColon" name="travelDetails" time="3.281"/>
  <testcase classname="testCases.TestcasesSemiColon" name="setTravelDates" time="3.882"/>
  <testcase classname="testCases.TestcasesSemiColon" name="proceed" time="1.537"/>
  <testcase classname="testCases.TestcasesSemiColon" name="PersonalTravelDetails" time="2.348"/>
  <testcase classname="testCases.TestcasesSemiColon" name="getQuotes" time="0.881"/>
  <testcase classname="testCases.TestcasesSemiColon" name="sortPriceLowtoHigh" time="11.256"/>
  <testcase classname="testCases.TestcasesSemiColon" name="verifystudentAge" time="1.241"/>
  <testcase classname="testCases.TestcasesSemiColon" name="verifyDestination" time="0.399"/>
  <testcase classname="testCases.TestcasesSemiColon" name="verifyResultsForStudent" time="0.546"/>
  <testcase classname="testCases.TestcasesSemiColon" name="PrintHotelPriceDetails" time="0.992"/>
  <testcase classname="testCases.TestcasesSemiColon" name="navigateToHome" time="4.001"/>
  <testcase classname="testCases.TestcasesSemiColon" name="clickCarInsurance" time="1.055"/>
  <testcase classname="testCases.TestcasesSemiColon" name="BrandNewCarLink" time="3.675"/>
  <testcase classname="testCases.TestcasesSemiColon" name="ProceedWithoutCarNumber" time="4.452"/>
  <testcase classname="testCases.TestcasesSemiColon" name="SearchBox" time="0.614"/>
  <testcase classname="testCases.TestcasesSemiColon" name="selectCity" time="0.802"/>
  <testcase classname="testCases.TestcasesSemiColon" name="selectRto" time="0.524"/>
  <testcase classname="testCases.TestcasesSemiColon" name="selectCarBrand" time="1.289"/>
  <testcase classname="testCases.TestcasesSemiColon" name="selectCarModel" time="1.151"/>
  <testcase classname="testCases.TestcasesSemiColon" name="selectFuelType" time="1.366"/>
  <testcase classname="testCases.TestcasesSemiColon" name="selectCarVarient" time="1.09"/>
  <testcase classname="testCases.TestcasesSemiColon" name="selectCarYear" time="0.856"/>
  <testcase classname="testCases.TestcasesSemiColon" name="fillFormCarInsurance" time="2.355"/>
  <testcase classname="testCases.TestcasesSemiColon" name="FetchError" time="1.73"/>
  <testcase classname="testCases.TestcasesSemiColon" name="navigateToHomeFromCarInsurance" time="3.744"/>
  <testcase classname="testCases.TestcasesSemiColon" name="HoverToDropDown" time="0.749"/>
  <testcase classname="testCases.TestcasesSemiColon" name="FetchHealthInsuranceListItems" time="1.84"/>
  <testcase classname="testCases.TestcasesSemiColon" name="Quit1" time="7.162"/>
  <testcase classname="testCases.TestcasesSemiColon" name="NullvaluesTravelForm" time="40.121"/>
  <testcase classname="testCases.TestcasesSemiColon" name="InvalidAge" time="17.158"/>
  <testcase classname="testCases.TestcasesSemiColon" name="NullDates" time="16.185"/>
  <testcase classname="testCases.TestcasesSemiColon" name="NullGender" time="22.976"/>
  <testcase classname="testCases.TestcasesSemiColon" name="NullName" time="17.038"/>
  <testcase classname="testCases.TestcasesSemiColon" name="InvalidName" time="17.499"/>
  <testcase classname="testCases.TestcasesSemiColon" name="InvalidMobileNo" time="15.107"/>
  <testcase classname="testCases.TestcasesSemiColon" name="InvalidGmail" time="14.712"/>
  <testcase classname="testCases.TestcasesSemiColon" name="AllNullValuesPersonalForm" time="14.662"/>
  <testcase classname="testCases.TestcasesSemiColon" name="invalidphoneCarInsurance" time="14.794"/>
  <testcase classname="testCases.TestcasesSemiColon" name="invalidMailCarInsurance" time="13.123"/>
  <testcase classname="testCases.TestcasesSemiColon" name="invalidnameCarInsurance" time="15.063"/>
</testsuite> <!-- SemicolonProj -->
